<?xml version="1.0" encoding="UTF-8"?>
<!-- Generated by org.testng.reporters.JUnitXMLReporter -->
<testsuite ignored="0" hostname="PC32371" failures="0" tests="7" name="Test" time="97.678" errors="0" timestamp="2021-03-30T09:02:57 CEST">
  <testcase classname="com.test.OrangeHRMTest" name="VanillaPassportLoginPage" time="0.018"/>
  <testcase classname="com.test.OrangeHRMTest" name="VanillaPassportLogin" time="0.917"/>
  <testcase classname="com.test.OrangeHRMTest" name="Vanilla3DDashboardLogin" time="2.969"/>
  <testcase classname="com.test.OrangeHRMTest" name="Vanilla3DSPaceLoginTest" time="4.027"/>
  <testcase classname="com.test.OrangeHRMTest" name="VanillaFedSearchMonitoringTest" time="0.603"/>
  <testcase classname="com.test.OrangeHRMTest" name="VanillaFedsearchQueryStatusTest" time="3.264"/>
  <testcase classname="com.test.OrangeHRMTest" name="VanillaCentralFcsTest" time="0.512"/>
</testsuite> <!-- Test -->
