<?xml version="1.0" encoding="UTF-8"?>
<testsuite xmlns:xsi="http://www.w3.org/2001/XMLSchema-instance" xsi:noNamespaceSchemaLocation="https://maven.apache.org/surefire/maven-surefire-plugin/xsd/surefire-test-report-3.0.xsd" version="3.0" name="TestSuite" time="99.009" tests="7" errors="0" skipped="0" failures="0">
  <properties>
[...]
</properties>
  <testcase name="VanillaPassportLoginPage" classname="com.test.OrangeHRMTest" time="1.117"/>
  <testcase name="VanillaPassportLogin" classname="com.test.OrangeHRMTest" time="1.233"/>
  <testcase name="Vanilla3DDashboardLogin" classname="com.test.OrangeHRMTest" time="3.373"/>
  <testcase name="Vanilla3DSPaceLoginTest" classname="com.test.OrangeHRMTest" time="4.422"/>
  <testcase name="VanillaFedSearchMonitoringTest" classname="com.test.OrangeHRMTest" time="0.953"/>
  <testcase name="VanillaFedsearchQueryStatusTest" classname="com.test.OrangeHRMTest" time="3.656"/>
  <testcase name="VanillaCentralFcsTest" classname="com.test.OrangeHRMTest" time="0.866"/>
</testsuite>